Arguments: 
  /snap/node/2632/bin/node /snap/node/2632/bin/yarn.js config get registry

PATH: 
  /home/yukta_anand/.npm/_npx/13778/bin:/home/yukta_anand/node_modules/.bin:/home/yukta_anand/.local/bin:/usr/local/sbin:/usr/local/bin:/usr/sbin:/usr/bin:/sbin:/bin:/usr/games:/usr/local/games:/snap/bin:/home/yukta_anand/.dotnet/tools:/snap/bin/go:/home/yukta_anand/go/bin

Yarn version: 
  1.22.4

Node version: 
  12.16.2

Platform: 
  linux x64

Trace: 
  Error: EACCES: permission denied, write
      at writeSync (fs.js:599:3)
      at SyncWriteStream._write (internal/fs/sync_write_stream.js:24:3)
      at doWrite (_stream_writable.js:442:12)
      at writeOrBuffer (_stream_writable.js:426:5)
      at SyncWriteStream.Writable.write (_stream_writable.js:317:11)
      at ConsoleReporter._log (/snap/node/2632/lib/cli.js:96769:17)
      at ConsoleReporter.log (/snap/node/2632/lib/cli.js:96757:10)
      at get (/snap/node/2632/lib/cli.js:87535:14)
      at Object.<anonymous> (/snap/node/2632/lib/cli.js:25940:25)
      at Generator.next (<anonymous>)

npm manifest: 
  {
    "name": "covid-19",
    "version": "0.1.0",
    "private": true
  }

yarn manifest: 
  No manifest

Lockfile: 
  No lockfile
